<?xml version="1.0" encoding="UTF-8"?>
<testsuite xmlns:xsi="http://www.w3.org/2001/XMLSchema-instance" xsi:noNamespaceSchemaLocation="https://maven.apache.org/surefire/maven-surefire-plugin/xsd/surefire-test-report.xsd" name="Account Types" time="11.211" tests="4" errors="4" skipped="0" failures="0">
  <properties>
[...]
</properties>
  <testcase name="Driver user" classname="Account Types" time="9.688">
    <error message="unknown error: cannot find MSEdge binary&#10;Build info: version: &apos;3.141.59&apos;, revision: &apos;e82be7d358&apos;, time: &apos;2018-11-14T08:17:03&apos;&#10;System info: host: &apos;LAPTOP-F3JN55DI&apos;, ip: &apos;192.168.1.216&apos;, os.name: &apos;Windows 10&apos;, os.arch: &apos;amd64&apos;, os.version: &apos;10.0&apos;, java.version: &apos;13.0.2&apos;&#10;Driver info: driver.version: Driver&#10;remote stacktrace: Backtrace:&#10;	Ordinal0 [0x00007FF6832B1BD2+3414994]&#10;	Ordinal0 [0x00007FF6831875C2+2192834]&#10;	Ordinal0 [0x00007FF68302478F+739215]&#10;	Ordinal0 [0x00007FF682F835A2+79266]&#10;	Ordinal0 [0x00007FF682F81272+70258]&#10;	Ordinal0 [0x00007FF682FB07CB+264139]&#10;	Ordinal0 [0x00007FF682FAD68F+251535]&#10;	Ordinal0 [0x00007FF682F8A663+108131]&#10;	Ordinal0 [0x00007FF682F8B9CE+113102]&#10;	Ordinal0 [0x00007FF6831A2501+2303233]&#10;	GetHandleVerifier [0x00007FF68342E584+1425860]&#10;	GetHandleVerifier [0x00007FF68342E34A+1425290]&#10;	GetHandleVerifier [0x00007FF683446301+1523521]&#10;	GetHandleVerifier [0x00007FF68342EB9B+1427419]&#10;	Ordinal0 [0x00007FF6831987A7+2262951]&#10;	Ordinal0 [0x00007FF6831A3EDA+2309850]&#10;	Ordinal0 [0x00007FF6831C20D8+2433240]&#10;	BaseThreadInitThunk [0x00007FFFA35D7BD4+20]&#10;	RtlUserThreadStart [0x00007FFFA3E8CE51+33]&#10;" type="org.openqa.selenium.WebDriverException">org.openqa.selenium.WebDriverException: 
unknown error: cannot find MSEdge binary
Build info: version: '3.141.59', revision: 'e82be7d358', time: '2018-11-14T08:17:03'
System info: host: 'LAPTOP-F3JN55DI', ip: '192.168.1.216', os.name: 'Windows 10', os.arch: 'amd64', os.version: '10.0', java.version: '13.0.2'
Driver info: driver.version: Driver
remote stacktrace: Backtrace:
	Ordinal0 [0x00007FF6832B1BD2+3414994]
	Ordinal0 [0x00007FF6831875C2+2192834]
	Ordinal0 [0x00007FF68302478F+739215]
	Ordinal0 [0x00007FF682F835A2+79266]
	Ordinal0 [0x00007FF682F81272+70258]
	Ordinal0 [0x00007FF682FB07CB+264139]
	Ordinal0 [0x00007FF682FAD68F+251535]
	Ordinal0 [0x00007FF682F8A663+108131]
	Ordinal0 [0x00007FF682F8B9CE+113102]
	Ordinal0 [0x00007FF6831A2501+2303233]
	GetHandleVerifier [0x00007FF68342E584+1425860]
	GetHandleVerifier [0x00007FF68342E34A+1425290]
	GetHandleVerifier [0x00007FF683446301+1523521]
	GetHandleVerifier [0x00007FF68342EB9B+1427419]
	Ordinal0 [0x00007FF6831987A7+2262951]
	Ordinal0 [0x00007FF6831A3EDA+2309850]
	Ordinal0 [0x00007FF6831C20D8+2433240]
	BaseThreadInitThunk [0x00007FFFA35D7BD4+20]
	RtlUserThreadStart [0x00007FFFA3E8CE51+33]

</error>
    <system-out><![CDATA[This is done before each scenario
]]></system-out>
    <system-err><![CDATA[SLF4J: Failed to load class "org.slf4j.impl.StaticLoggerBinder".
SLF4J: Defaulting to no-operation (NOP) logger implementation
SLF4J: See http://www.slf4j.org/codes.html#StaticLoggerBinder for further details.
Starting MSEdgeDriver 83.0.478.45 (fa71536bbfc4d8c41db9e9b61b8b5f71c6c64f0c) on port 43527
Only local connections are allowed.
Please see https://chromedriver.chromium.org/security-considerations for suggestions on keeping MSEdgeDriver safe.
MSEdgeDriver was started successfully.
Starting MSEdgeDriver 83.0.478.45 (fa71536bbfc4d8c41db9e9b61b8b5f71c6c64f0c) on port 18630
Only local connections are allowed.
Please see https://chromedriver.chromium.org/security-considerations for suggestions on keeping MSEdgeDriver safe.
MSEdgeDriver was started successfully.
]]></system-err>
  </testcase>
  <testcase name="Driver user" classname="Account Types" time="0">
    <error message="unknown error: cannot find MSEdge binary&#10;Build info: version: &apos;3.141.59&apos;, revision: &apos;e82be7d358&apos;, time: &apos;2018-11-14T08:17:03&apos;&#10;System info: host: &apos;LAPTOP-F3JN55DI&apos;, ip: &apos;192.168.1.216&apos;, os.name: &apos;Windows 10&apos;, os.arch: &apos;amd64&apos;, os.version: &apos;10.0&apos;, java.version: &apos;13.0.2&apos;&#10;Driver info: driver.version: Driver&#10;remote stacktrace: Backtrace:&#10;	Ordinal0 [0x00007FF6832B1BD2+3414994]&#10;	Ordinal0 [0x00007FF6831875C2+2192834]&#10;	Ordinal0 [0x00007FF68302478F+739215]&#10;	Ordinal0 [0x00007FF682F835A2+79266]&#10;	Ordinal0 [0x00007FF682F81272+70258]&#10;	Ordinal0 [0x00007FF682FB07CB+264139]&#10;	Ordinal0 [0x00007FF682FAD68F+251535]&#10;	Ordinal0 [0x00007FF682F8A663+108131]&#10;	Ordinal0 [0x00007FF682F8B9CE+113102]&#10;	Ordinal0 [0x00007FF6831A2501+2303233]&#10;	GetHandleVerifier [0x00007FF68342E584+1425860]&#10;	GetHandleVerifier [0x00007FF68342E34A+1425290]&#10;	GetHandleVerifier [0x00007FF683446301+1523521]&#10;	GetHandleVerifier [0x00007FF68342EB9B+1427419]&#10;	Ordinal0 [0x00007FF6831987A7+2262951]&#10;	Ordinal0 [0x00007FF6831A3EDA+2309850]&#10;	Ordinal0 [0x00007FF6831C20D8+2433240]&#10;	BaseThreadInitThunk [0x00007FFFA35D7BD4+20]&#10;	RtlUserThreadStart [0x00007FFFA3E8CE51+33]&#10;" type="org.openqa.selenium.WebDriverException">org.openqa.selenium.WebDriverException: 
unknown error: cannot find MSEdge binary
Build info: version: '3.141.59', revision: 'e82be7d358', time: '2018-11-14T08:17:03'
System info: host: 'LAPTOP-F3JN55DI', ip: '192.168.1.216', os.name: 'Windows 10', os.arch: 'amd64', os.version: '10.0', java.version: '13.0.2'
Driver info: driver.version: Driver
remote stacktrace: Backtrace:
	Ordinal0 [0x00007FF6832B1BD2+3414994]
	Ordinal0 [0x00007FF6831875C2+2192834]
	Ordinal0 [0x00007FF68302478F+739215]
	Ordinal0 [0x00007FF682F835A2+79266]
	Ordinal0 [0x00007FF682F81272+70258]
	Ordinal0 [0x00007FF682FB07CB+264139]
	Ordinal0 [0x00007FF682FAD68F+251535]
	Ordinal0 [0x00007FF682F8A663+108131]
	Ordinal0 [0x00007FF682F8B9CE+113102]
	Ordinal0 [0x00007FF6831A2501+2303233]
	GetHandleVerifier [0x00007FF68342E584+1425860]
	GetHandleVerifier [0x00007FF68342E34A+1425290]
	GetHandleVerifier [0x00007FF683446301+1523521]
	GetHandleVerifier [0x00007FF68342EB9B+1427419]
	Ordinal0 [0x00007FF6831987A7+2262951]
	Ordinal0 [0x00007FF6831A3EDA+2309850]
	Ordinal0 [0x00007FF6831C20D8+2433240]
	BaseThreadInitThunk [0x00007FFFA35D7BD4+20]
	RtlUserThreadStart [0x00007FFFA3E8CE51+33]

</error>
  </testcase>
  <testcase name="Sales manager user" classname="Account Types" time="1.523">
    <error message="unknown error: cannot find MSEdge binary&#10;Build info: version: &apos;3.141.59&apos;, revision: &apos;e82be7d358&apos;, time: &apos;2018-11-14T08:17:03&apos;&#10;System info: host: &apos;LAPTOP-F3JN55DI&apos;, ip: &apos;192.168.1.216&apos;, os.name: &apos;Windows 10&apos;, os.arch: &apos;amd64&apos;, os.version: &apos;10.0&apos;, java.version: &apos;13.0.2&apos;&#10;Driver info: driver.version: Driver&#10;remote stacktrace: Backtrace:&#10;	Ordinal0 [0x00007FF6832B1BD2+3414994]&#10;	Ordinal0 [0x00007FF6831875C2+2192834]&#10;	Ordinal0 [0x00007FF68302478F+739215]&#10;	Ordinal0 [0x00007FF682F835A2+79266]&#10;	Ordinal0 [0x00007FF682F81272+70258]&#10;	Ordinal0 [0x00007FF682FB07CB+264139]&#10;	Ordinal0 [0x00007FF682FAD68F+251535]&#10;	Ordinal0 [0x00007FF682F8A663+108131]&#10;	Ordinal0 [0x00007FF682F8B9CE+113102]&#10;	Ordinal0 [0x00007FF6831A2501+2303233]&#10;	GetHandleVerifier [0x00007FF68342E584+1425860]&#10;	GetHandleVerifier [0x00007FF68342E34A+1425290]&#10;	GetHandleVerifier [0x00007FF683446301+1523521]&#10;	GetHandleVerifier [0x00007FF68342EB9B+1427419]&#10;	Ordinal0 [0x00007FF6831987A7+2262951]&#10;	Ordinal0 [0x00007FF6831A3EDA+2309850]&#10;	Ordinal0 [0x00007FF6831C20D8+2433240]&#10;	BaseThreadInitThunk [0x00007FFFA35D7BD4+20]&#10;	RtlUserThreadStart [0x00007FFFA3E8CE51+33]&#10;" type="org.openqa.selenium.WebDriverException">org.openqa.selenium.WebDriverException: 
unknown error: cannot find MSEdge binary
Build info: version: '3.141.59', revision: 'e82be7d358', time: '2018-11-14T08:17:03'
System info: host: 'LAPTOP-F3JN55DI', ip: '192.168.1.216', os.name: 'Windows 10', os.arch: 'amd64', os.version: '10.0', java.version: '13.0.2'
Driver info: driver.version: Driver
remote stacktrace: Backtrace:
	Ordinal0 [0x00007FF6832B1BD2+3414994]
	Ordinal0 [0x00007FF6831875C2+2192834]
	Ordinal0 [0x00007FF68302478F+739215]
	Ordinal0 [0x00007FF682F835A2+79266]
	Ordinal0 [0x00007FF682F81272+70258]
	Ordinal0 [0x00007FF682FB07CB+264139]
	Ordinal0 [0x00007FF682FAD68F+251535]
	Ordinal0 [0x00007FF682F8A663+108131]
	Ordinal0 [0x00007FF682F8B9CE+113102]
	Ordinal0 [0x00007FF6831A2501+2303233]
	GetHandleVerifier [0x00007FF68342E584+1425860]
	GetHandleVerifier [0x00007FF68342E34A+1425290]
	GetHandleVerifier [0x00007FF683446301+1523521]
	GetHandleVerifier [0x00007FF68342EB9B+1427419]
	Ordinal0 [0x00007FF6831987A7+2262951]
	Ordinal0 [0x00007FF6831A3EDA+2309850]
	Ordinal0 [0x00007FF6831C20D8+2433240]
	BaseThreadInitThunk [0x00007FFFA35D7BD4+20]
	RtlUserThreadStart [0x00007FFFA3E8CE51+33]

</error>
    <system-out><![CDATA[This is done before each scenario
]]></system-out>
    <system-err><![CDATA[Starting MSEdgeDriver 83.0.478.45 (fa71536bbfc4d8c41db9e9b61b8b5f71c6c64f0c) on port 14570
Only local connections are allowed.
Please see https://chromedriver.chromium.org/security-considerations for suggestions on keeping MSEdgeDriver safe.
MSEdgeDriver was started successfully.
Starting MSEdgeDriver 83.0.478.45 (fa71536bbfc4d8c41db9e9b61b8b5f71c6c64f0c) on port 40055
Only local connections are allowed.
Please see https://chromedriver.chromium.org/security-considerations for suggestions on keeping MSEdgeDriver safe.
MSEdgeDriver was started successfully.
]]></system-err>
  </testcase>
  <testcase name="Sales manager user" classname="Account Types" time="0">
    <error message="unknown error: cannot find MSEdge binary&#10;Build info: version: &apos;3.141.59&apos;, revision: &apos;e82be7d358&apos;, time: &apos;2018-11-14T08:17:03&apos;&#10;System info: host: &apos;LAPTOP-F3JN55DI&apos;, ip: &apos;192.168.1.216&apos;, os.name: &apos;Windows 10&apos;, os.arch: &apos;amd64&apos;, os.version: &apos;10.0&apos;, java.version: &apos;13.0.2&apos;&#10;Driver info: driver.version: Driver&#10;remote stacktrace: Backtrace:&#10;	Ordinal0 [0x00007FF6832B1BD2+3414994]&#10;	Ordinal0 [0x00007FF6831875C2+2192834]&#10;	Ordinal0 [0x00007FF68302478F+739215]&#10;	Ordinal0 [0x00007FF682F835A2+79266]&#10;	Ordinal0 [0x00007FF682F81272+70258]&#10;	Ordinal0 [0x00007FF682FB07CB+264139]&#10;	Ordinal0 [0x00007FF682FAD68F+251535]&#10;	Ordinal0 [0x00007FF682F8A663+108131]&#10;	Ordinal0 [0x00007FF682F8B9CE+113102]&#10;	Ordinal0 [0x00007FF6831A2501+2303233]&#10;	GetHandleVerifier [0x00007FF68342E584+1425860]&#10;	GetHandleVerifier [0x00007FF68342E34A+1425290]&#10;	GetHandleVerifier [0x00007FF683446301+1523521]&#10;	GetHandleVerifier [0x00007FF68342EB9B+1427419]&#10;	Ordinal0 [0x00007FF6831987A7+2262951]&#10;	Ordinal0 [0x00007FF6831A3EDA+2309850]&#10;	Ordinal0 [0x00007FF6831C20D8+2433240]&#10;	BaseThreadInitThunk [0x00007FFFA35D7BD4+20]&#10;	RtlUserThreadStart [0x00007FFFA3E8CE51+33]&#10;" type="org.openqa.selenium.WebDriverException">org.openqa.selenium.WebDriverException: 
unknown error: cannot find MSEdge binary
Build info: version: '3.141.59', revision: 'e82be7d358', time: '2018-11-14T08:17:03'
System info: host: 'LAPTOP-F3JN55DI', ip: '192.168.1.216', os.name: 'Windows 10', os.arch: 'amd64', os.version: '10.0', java.version: '13.0.2'
Driver info: driver.version: Driver
remote stacktrace: Backtrace:
	Ordinal0 [0x00007FF6832B1BD2+3414994]
	Ordinal0 [0x00007FF6831875C2+2192834]
	Ordinal0 [0x00007FF68302478F+739215]
	Ordinal0 [0x00007FF682F835A2+79266]
	Ordinal0 [0x00007FF682F81272+70258]
	Ordinal0 [0x00007FF682FB07CB+264139]
	Ordinal0 [0x00007FF682FAD68F+251535]
	Ordinal0 [0x00007FF682F8A663+108131]
	Ordinal0 [0x00007FF682F8B9CE+113102]
	Ordinal0 [0x00007FF6831A2501+2303233]
	GetHandleVerifier [0x00007FF68342E584+1425860]
	GetHandleVerifier [0x00007FF68342E34A+1425290]
	GetHandleVerifier [0x00007FF683446301+1523521]
	GetHandleVerifier [0x00007FF68342EB9B+1427419]
	Ordinal0 [0x00007FF6831987A7+2262951]
	Ordinal0 [0x00007FF6831A3EDA+2309850]
	Ordinal0 [0x00007FF6831C20D8+2433240]
	BaseThreadInitThunk [0x00007FFFA35D7BD4+20]
	RtlUserThreadStart [0x00007FFFA3E8CE51+33]

</error>
  </testcase>
</testsuite>